Deploy complete @ Thu Aug 09 2018 13:25:55 GMT+0200 (GMT+02:00). added/changed 2 file(s): assets/custom.scss.liquid, assets/swatch.scss.liquid.
Deploy complete @ Thu Aug 09 2018 13:26:01 GMT+0200 (GMT+02:00). added/changed 2 file(s): assets/custom.scss.liquid, assets/swatch.scss.liquid.
Deploy complete @ Thu Aug 09 2018 13:28:42 GMT+0200 (GMT+02:00). added/changed 2 file(s): assets/custom.scss.liquid, assets/swatch.scss.liquid.
Deploy complete @ Thu Aug 09 2018 13:34:24 GMT+0200 (GMT+02:00). added/changed 1 file(s): sections/product-new-template.liquid.
Deploy complete @ Thu Aug 09 2018 13:35:07 GMT+0200 (GMT+02:00). added/changed 1 file(s): snippets/swatch.liquid.
Deploy complete @ Thu Aug 09 2018 13:35:59 GMT+0200 (GMT+02:00). added/changed 2 file(s): assets/custom.scss.liquid, assets/swatch.scss.liquid.
Deploy complete @ Thu Aug 09 2018 15:02:43 GMT+0200 (GMT+02:00). added/changed 2 file(s): assets/custom.scss.liquid, assets/swatch.scss.liquid.
Deploy complete @ Thu Aug 09 2018 15:03:52 GMT+0200 (GMT+02:00). added/changed 2 file(s): assets/custom.scss.liquid, assets/swatch.scss.liquid.
Deploy complete @ Thu Aug 09 2018 16:12:29 GMT+0200 (GMT+02:00). added/changed 2 file(s): assets/custom.scss.liquid, assets/swatch.scss.liquid.
Deploy complete @ Thu Aug 09 2018 16:13:57 GMT+0200 (GMT+02:00). added/changed 2 file(s): assets/custom.scss.liquid, assets/swatch.scss.liquid.
Deploy complete @ Thu Aug 09 2018 16:14:56 GMT+0200 (GMT+02:00). added/changed 2 file(s): assets/custom.scss.liquid, assets/swatch.scss.liquid.
Deploy complete @ Thu Aug 09 2018 16:15:55 GMT+0200 (GMT+02:00). added/changed 2 file(s): assets/custom.scss.liquid, assets/swatch.scss.liquid.
Deploy complete @ Thu Aug 09 2018 16:24:58 GMT+0200 (GMT+02:00). added/changed 1 file(s): sections/title-text-product.liquid.
Deploy complete @ Thu Aug 09 2018 16:26:11 GMT+0200 (GMT+02:00). added/changed 1 file(s): sections/collection-new-template.liquid.
Deploy complete @ Thu Aug 09 2018 16:27:03 GMT+0200 (GMT+02:00). added/changed 1 file(s): snippets/product-grid-new-revelia.liquid.
Deploy complete @ Thu Aug 09 2018 16:27:56 GMT+0200 (GMT+02:00). added/changed 1 file(s): snippets/product-grid-new-revelia.liquid.
Deploy complete @ Thu Aug 09 2018 16:28:04 GMT+0200 (GMT+02:00). added/changed 1 file(s): sections/collection-new-template.liquid.
Deploy complete @ Thu Aug 09 2018 16:33:27 GMT+0200 (GMT+02:00). added/changed 1 file(s): snippets/product-grid-new-revelia.liquid.
Deploy complete @ Thu Aug 09 2018 16:35:17 GMT+0200 (GMT+02:00). added/changed 2 file(s): assets/custom.scss.liquid, assets/swatch.scss.liquid.
Deploy complete @ Thu Aug 09 2018 16:35:50 GMT+0200 (GMT+02:00). added/changed 2 file(s): assets/custom.scss.liquid, assets/swatch.scss.liquid.
Deploy complete @ Thu Aug 09 2018 16:36:12 GMT+0200 (GMT+02:00). added/changed 2 file(s): assets/custom.scss.liquid, assets/swatch.scss.liquid.
Deploy complete @ Thu Aug 09 2018 16:38:36 GMT+0200 (GMT+02:00). added/changed 1 file(s): snippets/product-grid-new-revelia.liquid.
Deploy complete @ Thu Aug 09 2018 16:40:07 GMT+0200 (GMT+02:00). added/changed 1 file(s): assets/custom.js.
Deploy complete @ Thu Aug 09 2018 16:41:39 GMT+0200 (GMT+02:00). added/changed 1 file(s): assets/custom.js.
Deploy complete @ Thu Aug 09 2018 16:43:09 GMT+0200 (GMT+02:00). added/changed 1 file(s): assets/custom.js.
Deploy complete @ Thu Aug 09 2018 16:43:42 GMT+0200 (GMT+02:00). added/changed 2 file(s): assets/custom.scss.liquid, assets/swatch.scss.liquid.
Deploy complete @ Thu Aug 09 2018 16:44:03 GMT+0200 (GMT+02:00). added/changed 4 file(s): assets/custom.scss.liquid, assets/swatch.scss.liquid, assets/custom.scss.liquid, assets/swatch.scss.liquid.
Deploy complete @ Thu Aug 09 2018 16:44:15 GMT+0200 (GMT+02:00). added/changed 1 file(s): assets/custom.js.
Deploy complete @ Thu Aug 09 2018 16:46:39 GMT+0200 (GMT+02:00). added/changed 2 file(s): assets/custom.scss.liquid, assets/swatch.scss.liquid.
Deploy complete @ Thu Aug 09 2018 16:48:24 GMT+0200 (GMT+02:00). added/changed 2 file(s): assets/custom.scss.liquid, assets/swatch.scss.liquid.
Deploy complete @ Thu Aug 09 2018 17:04:18 GMT+0200 (GMT+02:00). added/changed 1 file(s): sections/icons.liquid.
Deploy complete @ Thu Aug 09 2018 17:05:29 GMT+0200 (GMT+02:00). added/changed 1 file(s): sections/icons.liquid.
Deploy complete @ Thu Aug 09 2018 17:07:31 GMT+0200 (GMT+02:00). added/changed 1 file(s): sections/icons.liquid.
Deploy complete @ Thu Aug 09 2018 17:08:49 GMT+0200 (GMT+02:00). added/changed 1 file(s): sections/icons.liquid.
Deploy complete @ Thu Aug 09 2018 17:11:58 GMT+0200 (GMT+02:00). added/changed 1 file(s): sections/icons.liquid.
Deploy complete @ Thu Aug 09 2018 17:12:08 GMT+0200 (GMT+02:00). added/changed 1 file(s): sections/icons.liquid.
Deploy complete @ Thu Aug 09 2018 17:12:34 GMT+0200 (GMT+02:00). added/changed 1 file(s): sections/icons.liquid.
Deploy complete @ Thu Aug 09 2018 17:12:56 GMT+0200 (GMT+02:00). added/changed 1 file(s): sections/icons.liquid.
Deploy complete @ Thu Aug 09 2018 17:13:27 GMT+0200 (GMT+02:00). added/changed 1 file(s): sections/icons.liquid.
Deploy complete @ Thu Aug 09 2018 17:14:30 GMT+0200 (GMT+02:00). added/changed 1 file(s): sections/icons.liquid.
Deploy complete @ Thu Aug 09 2018 17:17:37 GMT+0200 (GMT+02:00). added/changed 1 file(s): sections/icons.liquid.
Deploy complete @ Thu Aug 09 2018 17:18:03 GMT+0200 (GMT+02:00). added/changed 1 file(s): sections/icons.liquid.
Deploy complete @ Thu Aug 09 2018 17:18:38 GMT+0200 (GMT+02:00). added/changed 1 file(s): sections/icons.liquid.
Deploy complete @ Thu Aug 09 2018 17:19:17 GMT+0200 (GMT+02:00). added/changed 1 file(s): sections/icons.liquid.
Deploy complete @ Thu Aug 09 2018 17:19:38 GMT+0200 (GMT+02:00). added/changed 1 file(s): sections/icons.liquid.
Deploy complete @ Thu Aug 09 2018 17:19:51 GMT+0200 (GMT+02:00). added/changed 1 file(s): sections/icons.liquid.
Deploy complete @ Thu Aug 09 2018 17:20:57 GMT+0200 (GMT+02:00). added/changed 1 file(s): sections/icons.liquid.
Deploy complete @ Thu Aug 09 2018 17:21:23 GMT+0200 (GMT+02:00). added/changed 1 file(s): sections/icons.liquid.
Deploy complete @ Thu Aug 09 2018 17:22:37 GMT+0200 (GMT+02:00). added/changed 1 file(s): sections/icons.liquid.
Deploy complete @ Thu Aug 09 2018 17:23:01 GMT+0200 (GMT+02:00). added/changed 1 file(s): sections/icons.liquid.
Deploy complete @ Thu Aug 09 2018 17:23:31 GMT+0200 (GMT+02:00). added/changed 1 file(s): sections/icons.liquid.
Deploy complete @ Thu Aug 09 2018 17:24:36 GMT+0200 (GMT+02:00). added/changed 1 file(s): sections/icons.liquid.
Deploy complete @ Thu Aug 09 2018 18:45:04 GMT+0200 (GMT+02:00). added/changed 1 file(s): sections/product-new-template.liquid.
Deploy complete @ Thu Aug 09 2018 18:46:02 GMT+0200 (GMT+02:00). added/changed 1 file(s): snippets/swatch.liquid.
Deploy complete @ Thu Aug 09 2018 18:49:52 GMT+0200 (GMT+02:00). added/changed 1 file(s): snippets/swatch.liquid.
Deploy complete @ Thu Aug 09 2018 18:50:07 GMT+0200 (GMT+02:00). added/changed 1 file(s): snippets/swatch.liquid.
Deploy complete @ Thu Aug 09 2018 18:51:08 GMT+0200 (GMT+02:00). added/changed 1 file(s): snippets/swatch.liquid.
Deploy complete @ Thu Aug 09 2018 18:52:24 GMT+0200 (GMT+02:00). added/changed 1 file(s): snippets/swatch.liquid.
Deploy complete @ Thu Aug 09 2018 18:52:30 GMT+0200 (GMT+02:00). added/changed 1 file(s): snippets/swatch.liquid.
Deploy complete @ Thu Aug 09 2018 18:53:14 GMT+0200 (GMT+02:00). added/changed 1 file(s): snippets/swatch.liquid.
Deploy complete @ Thu Aug 09 2018 18:56:13 GMT+0200 (GMT+02:00). added/changed 2 file(s): assets/custom.scss.liquid, assets/swatch.scss.liquid.
Deploy complete @ Thu Aug 09 2018 18:56:44 GMT+0200 (GMT+02:00). added/changed 2 file(s): assets/custom.scss.liquid, assets/swatch.scss.liquid.
Deploy complete @ Thu Aug 09 2018 18:57:03 GMT+0200 (GMT+02:00). added/changed 2 file(s): assets/custom.scss.liquid, assets/swatch.scss.liquid.
Deploy complete @ Thu Aug 09 2018 18:57:31 GMT+0200 (GMT+02:00). added/changed 2 file(s): assets/custom.scss.liquid, assets/swatch.scss.liquid.
Deploy complete @ Thu Aug 09 2018 18:58:09 GMT+0200 (GMT+02:00). added/changed 2 file(s): assets/custom.scss.liquid, assets/swatch.scss.liquid.
Deploy complete @ Thu Aug 09 2018 19:00:06 GMT+0200 (GMT+02:00). added/changed 2 file(s): assets/custom.scss.liquid, assets/swatch.scss.liquid.
Deploy complete @ Thu Aug 09 2018 19:03:22 GMT+0200 (GMT+02:00). added/changed 2 file(s): assets/custom.scss.liquid, assets/swatch.scss.liquid.
Deploy complete @ Thu Aug 09 2018 19:04:26 GMT+0200 (GMT+02:00). added/changed 2 file(s): assets/custom.scss.liquid, assets/swatch.scss.liquid.
Deploy complete @ Thu Aug 09 2018 19:05:57 GMT+0200 (GMT+02:00). added/changed 2 file(s): assets/custom.scss.liquid, assets/swatch.scss.liquid.
Deploy complete @ Thu Aug 09 2018 19:06:48 GMT+0200 (GMT+02:00). added/changed 1 file(s): sections/title-text-image.liquid.
Deploy complete @ Thu Aug 09 2018 19:07:13 GMT+0200 (GMT+02:00). added/changed 2 file(s): assets/custom.scss.liquid, assets/swatch.scss.liquid.
Deploy complete @ Thu Aug 09 2018 19:08:01 GMT+0200 (GMT+02:00). added/changed 2 file(s): assets/custom.scss.liquid, assets/swatch.scss.liquid.
Deploy complete @ Thu Aug 09 2018 19:09:34 GMT+0200 (GMT+02:00). added/changed 2 file(s): assets/custom.scss.liquid, assets/swatch.scss.liquid.
Deploy complete @ Thu Aug 09 2018 19:10:03 GMT+0200 (GMT+02:00). added/changed 2 file(s): assets/custom.scss.liquid, assets/swatch.scss.liquid.
Deploy complete @ Thu Aug 09 2018 19:10:55 GMT+0200 (GMT+02:00). added/changed 2 file(s): assets/custom.scss.liquid, assets/swatch.scss.liquid.
Deploy complete @ Thu Aug 09 2018 19:11:09 GMT+0200 (GMT+02:00). added/changed 2 file(s): assets/custom.scss.liquid, assets/swatch.scss.liquid.
Deploy complete @ Thu Aug 09 2018 19:11:22 GMT+0200 (GMT+02:00). added/changed 1 file(s): sections/title-text-product.liquid.
Deploy complete @ Thu Aug 09 2018 19:11:57 GMT+0200 (GMT+02:00). added/changed 1 file(s): sections/title-text-product.liquid.
Deploy complete @ Thu Aug 09 2018 19:12:19 GMT+0200 (GMT+02:00). added/changed 2 file(s): assets/custom.scss.liquid, assets/swatch.scss.liquid.
Deploy complete @ Thu Aug 09 2018 19:12:55 GMT+0200 (GMT+02:00). added/changed 2 file(s): assets/custom.scss.liquid, assets/swatch.scss.liquid.
Deploy complete @ Thu Aug 09 2018 19:13:09 GMT+0200 (GMT+02:00). added/changed 2 file(s): assets/custom.scss.liquid, assets/swatch.scss.liquid.
Deploy complete @ Thu Aug 09 2018 19:13:20 GMT+0200 (GMT+02:00). added/changed 2 file(s): assets/custom.scss.liquid, assets/swatch.scss.liquid.
Deploy complete @ Thu Aug 09 2018 19:40:45 GMT+0200 (GMT+02:00). added/changed 1 file(s): templates/cart.liquid.
Deploy complete @ Thu Aug 09 2018 19:40:50 GMT+0200 (GMT+02:00). added/changed 1 file(s): templates/cart.liquid.
Deploy complete @ Thu Aug 09 2018 19:41:03 GMT+0200 (GMT+02:00). added/changed 2 file(s): assets/custom.scss.liquid, assets/swatch.scss.liquid.
Deploy complete @ Thu Aug 09 2018 19:41:43 GMT+0200 (GMT+02:00). added/changed 2 file(s): assets/custom.scss.liquid, assets/swatch.scss.liquid.
Deploy complete @ Thu Aug 09 2018 19:42:05 GMT+0200 (GMT+02:00). added/changed 2 file(s): assets/custom.scss.liquid, assets/swatch.scss.liquid.
Deploy complete @ Thu Aug 09 2018 19:42:41 GMT+0200 (GMT+02:00). added/changed 2 file(s): assets/custom.scss.liquid, assets/swatch.scss.liquid.
Deploy complete @ Thu Aug 09 2018 19:43:43 GMT+0200 (GMT+02:00). added/changed 2 file(s): assets/custom.scss.liquid, assets/swatch.scss.liquid.
Deploy complete @ Thu Aug 09 2018 19:44:31 GMT+0200 (GMT+02:00). added/changed 2 file(s): assets/custom.scss.liquid, assets/swatch.scss.liquid.
Deploy complete @ Thu Aug 09 2018 20:47:55 GMT+0200 (GMT+02:00). added/changed 1 file(s): layout/theme.liquid.
Deploy complete @ Thu Aug 09 2018 21:18:14 GMT+0200 (GMT+02:00). added/changed 2 file(s): assets/custom.scss.liquid, assets/swatch.scss.liquid.
Deploy complete @ Thu Aug 09 2018 21:18:28 GMT+0200 (GMT+02:00). added/changed 2 file(s): assets/custom.scss.liquid, assets/swatch.scss.liquid.
Deploy complete @ Thu Aug 09 2018 21:19:11 GMT+0200 (GMT+02:00). added/changed 2 file(s): assets/custom.scss.liquid, assets/swatch.scss.liquid.
Deploy complete @ Thu Aug 09 2018 21:19:51 GMT+0200 (GMT+02:00). added/changed 2 file(s): assets/custom.scss.liquid, assets/swatch.scss.liquid.
Deploy complete @ Thu Aug 09 2018 21:20:20 GMT+0200 (GMT+02:00). added/changed 2 file(s): assets/custom.scss.liquid, assets/swatch.scss.liquid.
Deploy complete @ Thu Aug 09 2018 21:20:34 GMT+0200 (GMT+02:00). added/changed 2 file(s): assets/custom.scss.liquid, assets/swatch.scss.liquid.
Deploy complete @ Thu Aug 09 2018 21:21:03 GMT+0200 (GMT+02:00). added/changed 2 file(s): assets/custom.scss.liquid, assets/swatch.scss.liquid.
Deploy error @ Thu Aug 09 2018 21:22:08 GMT+0200 (GMT+02:00). added/changed 1 file(s): assets/theme.scss.
21:22:08 [production]Asset Perform Update to assets/theme.scss at host revele-contactwear.myshopify.com
	Status: 422 Unprocessable Entity
	Errors: Cannot overwrite generated asset 'assets/theme.scss'.
 
Deploy error @ Thu Aug 09 2018 21:22:33 GMT+0200 (GMT+02:00). added/changed 1 file(s): assets/theme.scss.
21:22:33 [production]Asset Perform Update to assets/theme.scss at host revele-contactwear.myshopify.com
	Status: 422 Unprocessable Entity
	Errors: Cannot overwrite generated asset 'assets/theme.scss'.
 
Deploy complete @ Thu Aug 09 2018 21:23:16 GMT+0200 (GMT+02:00). added/changed 2 file(s): assets/custom.scss.liquid, assets/swatch.scss.liquid.
Deploy complete @ Thu Aug 09 2018 21:23:19 GMT+0200 (GMT+02:00). added/changed 2 file(s): assets/custom.scss.liquid, assets/swatch.scss.liquid.
Deploy complete @ Thu Aug 09 2018 21:24:53 GMT+0200 (GMT+02:00). added/changed 2 file(s): assets/custom.scss.liquid, assets/swatch.scss.liquid.
Deploy complete @ Thu Aug 09 2018 21:25:37 GMT+0200 (GMT+02:00). added/changed 2 file(s): assets/custom.scss.liquid, assets/swatch.scss.liquid.
Deploy complete @ Thu Aug 09 2018 21:25:55 GMT+0200 (GMT+02:00). added/changed 2 file(s): assets/custom.scss.liquid, assets/swatch.scss.liquid.
Deploy complete @ Thu Aug 09 2018 21:27:00 GMT+0200 (GMT+02:00). added/changed 2 file(s): assets/custom.scss.liquid, assets/swatch.scss.liquid.
Deploy complete @ Thu Aug 09 2018 21:30:57 GMT+0200 (GMT+02:00). added/changed 2 file(s): assets/custom.scss.liquid, assets/swatch.scss.liquid.
Deploy complete @ Thu Aug 09 2018 21:31:24 GMT+0200 (GMT+02:00). added/changed 2 file(s): assets/custom.scss.liquid, assets/swatch.scss.liquid.
Deploy complete @ Thu Aug 09 2018 21:32:15 GMT+0200 (GMT+02:00). added/changed 2 file(s): assets/custom.scss.liquid, assets/swatch.scss.liquid.
Deploy complete @ Thu Aug 09 2018 21:32:32 GMT+0200 (GMT+02:00). added/changed 2 file(s): assets/custom.scss.liquid, assets/swatch.scss.liquid.
Deploy complete @ Thu Aug 09 2018 21:32:48 GMT+0200 (GMT+02:00). added/changed 2 file(s): assets/custom.scss.liquid, assets/swatch.scss.liquid.
Deploy complete @ Thu Aug 09 2018 21:35:46 GMT+0200 (GMT+02:00). added/changed 2 file(s): assets/custom.scss.liquid, assets/swatch.scss.liquid.
Deploy complete @ Thu Aug 09 2018 21:36:57 GMT+0200 (GMT+02:00). added/changed 2 file(s): assets/custom.scss.liquid, assets/swatch.scss.liquid.
Deploy complete @ Thu Aug 09 2018 21:37:03 GMT+0200 (GMT+02:00). added/changed 2 file(s): assets/custom.scss.liquid, assets/swatch.scss.liquid.
Deploy complete @ Thu Aug 09 2018 21:37:41 GMT+0200 (GMT+02:00). added/changed 2 file(s): assets/custom.scss.liquid, assets/swatch.scss.liquid.
Deploy complete @ Thu Aug 09 2018 21:40:27 GMT+0200 (GMT+02:00). added/changed 2 file(s): assets/custom.scss.liquid, assets/swatch.scss.liquid.
Deploy complete @ Thu Aug 09 2018 21:40:44 GMT+0200 (GMT+02:00). added/changed 2 file(s): assets/custom.scss.liquid, assets/swatch.scss.liquid.
Deploy complete @ Thu Aug 09 2018 21:41:07 GMT+0200 (GMT+02:00). added/changed 2 file(s): assets/custom.scss.liquid, assets/swatch.scss.liquid.
Deploy complete @ Thu Aug 09 2018 21:41:42 GMT+0200 (GMT+02:00). added/changed 2 file(s): assets/custom.scss.liquid, assets/swatch.scss.liquid.
Deploy complete @ Thu Aug 09 2018 21:50:14 GMT+0200 (GMT+02:00). added/changed 2 file(s): assets/custom.scss.liquid, assets/swatch.scss.liquid.
Deploy complete @ Thu Aug 09 2018 21:50:52 GMT+0200 (GMT+02:00). added/changed 2 file(s): assets/custom.scss.liquid, assets/swatch.scss.liquid.
Deploy complete @ Thu Aug 09 2018 21:51:23 GMT+0200 (GMT+02:00). added/changed 2 file(s): assets/custom.scss.liquid, assets/swatch.scss.liquid.
Deploy complete @ Thu Aug 09 2018 21:52:21 GMT+0200 (GMT+02:00). added/changed 2 file(s): assets/custom.scss.liquid, assets/swatch.scss.liquid.
Deploy complete @ Thu Aug 09 2018 21:53:43 GMT+0200 (GMT+02:00). added/changed 2 file(s): assets/custom.scss.liquid, assets/swatch.scss.liquid.
Deploy complete @ Thu Aug 09 2018 21:55:06 GMT+0200 (GMT+02:00). added/changed 2 file(s): assets/custom.scss.liquid, assets/swatch.scss.liquid.
Deploy complete @ Thu Aug 09 2018 21:56:16 GMT+0200 (GMT+02:00). added/changed 2 file(s): assets/custom.scss.liquid, assets/swatch.scss.liquid.
Deploy complete @ Thu Aug 09 2018 22:03:24 GMT+0200 (GMT+02:00). added/changed 2 file(s): assets/custom.scss.liquid, assets/swatch.scss.liquid.
Deploy complete @ Thu Aug 09 2018 22:04:33 GMT+0200 (GMT+02:00). added/changed 2 file(s): assets/custom.scss.liquid, assets/swatch.scss.liquid.
Deploy complete @ Thu Aug 09 2018 22:05:08 GMT+0200 (GMT+02:00). added/changed 2 file(s): assets/custom.scss.liquid, assets/swatch.scss.liquid.
Deploy complete @ Thu Aug 09 2018 22:06:41 GMT+0200 (GMT+02:00). added/changed 2 file(s): assets/custom.scss.liquid, assets/swatch.scss.liquid.
Deploy complete @ Thu Aug 09 2018 22:08:13 GMT+0200 (GMT+02:00). added/changed 2 file(s): assets/custom.scss.liquid, assets/swatch.scss.liquid.
Deploy complete @ Thu Aug 09 2018 22:10:06 GMT+0200 (GMT+02:00). added/changed 2 file(s): assets/custom.scss.liquid, assets/swatch.scss.liquid.
Deploy complete @ Thu Aug 09 2018 22:10:32 GMT+0200 (GMT+02:00). added/changed 2 file(s): assets/custom.scss.liquid, assets/swatch.scss.liquid.
Deploy complete @ Fri Aug 10 2018 00:30:46 GMT+0200 (GMT+02:00). added/changed 2 file(s): assets/custom.scss.liquid, assets/swatch.scss.liquid.
Deploy complete @ Fri Aug 10 2018 00:30:50 GMT+0200 (GMT+02:00). added/changed 2 file(s): assets/custom.scss.liquid, assets/swatch.scss.liquid.
Deploy complete @ Fri Aug 10 2018 00:31:19 GMT+0200 (GMT+02:00). added/changed 2 file(s): assets/custom.scss.liquid, assets/swatch.scss.liquid.
Deploy error @ Fri Aug 10 2018 00:33:36 GMT+0200 (GMT+02:00). added/changed 2 file(s): assets/custom.scss.liquid, assets/swatch.scss.liquid.
00:33:36 [production]Asset Perform Update to assets/swatch.scss.liquid at host revele-contactwear.myshopify.com
	Status: 0 
	Errors: Put https://revele-contactwear.myshopify.com/admin/themes/40297431098/assets.json: net/http: request canceled (Client.Timeout exceeded while awaiting headers)
 
Deploy complete @ Fri Aug 10 2018 00:33:39 GMT+0200 (GMT+02:00). added/changed 2 file(s): assets/custom.scss.liquid, assets/swatch.scss.liquid.
Deploy complete @ Fri Aug 10 2018 00:33:48 GMT+0200 (GMT+02:00). added/changed 2 file(s): assets/custom.scss.liquid, assets/swatch.scss.liquid.
Deploy complete @ Fri Aug 10 2018 00:35:34 GMT+0200 (GMT+02:00). added/changed 2 file(s): assets/custom.scss.liquid, assets/swatch.scss.liquid.
Deploy complete @ Fri Aug 10 2018 00:35:46 GMT+0200 (GMT+02:00). added/changed 2 file(s): assets/custom.scss.liquid, assets/swatch.scss.liquid.
Deploy complete @ Fri Aug 10 2018 00:37:40 GMT+0200 (GMT+02:00). added/changed 2 file(s): assets/custom.scss.liquid, assets/swatch.scss.liquid.
Deploy error @ Fri Aug 10 2018 00:38:58 GMT+0200 (GMT+02:00). added/changed 2 file(s): assets/custom.scss.liquid, assets/swatch.scss.liquid.
00:38:57 [production]Asset Perform Update to assets/custom.scss.liquid at host revele-contactwear.myshopify.com
	Status: 503 Service Unavailable
	Errors: none
 
Deploy error @ Fri Aug 10 2018 00:39:07 GMT+0200 (GMT+02:00). added/changed 1 file(s): snippets/product-grid-new-revelia.liquid.
00:39:07 [production]Asset Perform Update to snippets/product-grid-new-revelia.liquid at host revele-contactwear.myshopify.com
	Status: 503 Service Unavailable
	Errors: none
 
Deploy error @ Fri Aug 10 2018 00:40:04 GMT+0200 (GMT+02:00). added/changed 1 file(s): snippets/product-grid-new-revelia.liquid.
00:40:04 [production]Asset Perform Update to snippets/product-grid-new-revelia.liquid at host revele-contactwear.myshopify.com
	Status: 500 Internal Server Error
	Errors: Internal Server Error
 
Deploy error @ Fri Aug 10 2018 00:40:13 GMT+0200 (GMT+02:00). added/changed 3 file(s): snippets/product-grid-new-revelia.liquid, assets/custom.scss.liquid, assets/swatch.scss.liquid.
00:40:06 [production]Asset Perform Update to assets/custom.scss.liquid at host revele-contactwear.myshopify.com
	Status: 503 Service Unavailable
	Errors: none
 
Deploy error @ Fri Aug 10 2018 00:41:27 GMT+0200 (GMT+02:00). added/changed 2 file(s): assets/custom.scss.liquid, assets/swatch.scss.liquid.
00:41:27 [production]Asset Perform Update to assets/custom.scss.liquid at host revele-contactwear.myshopify.com
	Status: 0 
	Errors: Put https://revele-contactwear.myshopify.com/admin/themes/40297431098/assets.json: net/http: request canceled (Client.Timeout exceeded while awaiting headers)
 
Deploy error @ Fri Aug 10 2018 00:41:58 GMT+0200 (GMT+02:00). added/changed 2 file(s): assets/custom.scss.liquid, assets/swatch.scss.liquid.
00:41:58 [production]Asset Perform Update to assets/swatch.scss.liquid at host revele-contactwear.myshopify.com
	Status: 0 
	Errors: Put https://revele-contactwear.myshopify.com/admin/themes/40297431098/assets.json: net/http: request canceled (Client.Timeout exceeded while awaiting headers)
 
